<?xml version="1.0" encoding="UTF-8"?>
<testng-results skipped="0" failed="1" ignored="0" total="1" passed="0">
  <reporter-output>
  </reporter-output>
  <suite name="Default suite" duration-ms="78071" started-at="2022-06-23T14:29:37 IST" finished-at="2022-06-23T14:30:55 IST">
    <groups>
      <group name="cucumber">
        <method signature="AbstractTestNGCucumberTests.runScenario(io.cucumber.testng.PickleWrapper,io.cucumber.testng.FeatureWrapper)[pri:0, instance:TestRunner.Runner@4671e53b]" name="runScenario" class="io.cucumber.testng.AbstractTestNGCucumberTests"/>
      </group> <!-- cucumber -->
    </groups>
    <test name="Default test" duration-ms="78071" started-at="2022-06-23T14:29:37 IST" finished-at="2022-06-23T14:30:55 IST">
      <class name="TestRunner.Runner">
        <test-method status="PASS" signature="setUpClass(org.testng.ITestContext)[pri:0, instance:TestRunner.Runner@4671e53b]" name="setUpClass" is-config="true" duration-ms="531" started-at="2022-06-23T14:29:37 IST" finished-at="2022-06-23T14:29:38 IST">
          <params>
            <param index="0">
              <value>
                <![CDATA[org.testng.TestRunner@1bf39d06]]>
              </value>
            </param>
          </params>
          <reporter-output>
          </reporter-output>
        </test-method> <!-- setUpClass -->
        <test-method status="FAIL" signature="runScenario(io.cucumber.testng.PickleWrapper,io.cucumber.testng.FeatureWrapper)[pri:0, instance:TestRunner.Runner@4671e53b]" name="runScenario" duration-ms="77329" started-at="2022-06-23T14:29:38 IST" description="Runs Cucumber Scenarios" data-provider="scenarios" finished-at="2022-06-23T14:30:55 IST">
          <params>
            <param index="0">
              <value>
                <![CDATA["Successful Login with data tables"]]>
              </value>
            </param>
            <param index="1">
              <value>
                <![CDATA["Optional[Login data]"]]>
              </value>
            </param>
          </params>
          <exception class="java.lang.IndexOutOfBoundsException">
            <message>
              <![CDATA[Index: 1, Size: 1]]>
            </message>
            <full-stacktrace>
              <![CDATA[java.lang.IndexOutOfBoundsException: Index: 1, Size: 1
at java.util.ArrayList.rangeCheck(ArrayList.java:657)
at java.util.ArrayList.get(ArrayList.java:433)
at java.util.Collections$UnmodifiableList.get(Collections.java:1309)
at StepDefinitions.StepDataTableTesting.user_enters_user_name_and_password(StepDataTableTesting.java:30)
at ✽.User enters UserName and Password(file:///C:/Users/703323585/Narmada/Narmada_AutomationProject_May17/Narmada_MiniProject/MavenProjectSample/src/test/resources/Feature/DataTableTesting.feature:6)
]]>
            </full-stacktrace>
          </exception> <!-- java.lang.IndexOutOfBoundsException -->
          <reporter-output>
          </reporter-output>
        </test-method> <!-- runScenario -->
        <test-method status="PASS" signature="tearDownClass()[pri:0, instance:TestRunner.Runner@4671e53b]" name="tearDownClass" is-config="true" duration-ms="175" started-at="2022-06-23T14:30:55 IST" finished-at="2022-06-23T14:30:55 IST">
          <reporter-output>
          </reporter-output>
        </test-method> <!-- tearDownClass -->
      </class> <!-- TestRunner.Runner -->
    </test> <!-- Default test -->
  </suite> <!-- Default suite -->
</testng-results>
