<?xml version="1.0" encoding="UTF-8"?>
<testng-results skipped="0" failed="1" ignored="0" total="10" passed="9">
  <reporter-output>
  </reporter-output>
  <suite name="Default suite" duration-ms="413468" started-at="2022-06-23T16:39:54 IST" finished-at="2022-06-23T16:46:48 IST">
    <groups>
      <group name="cucumber">
        <method signature="AbstractTestNGCucumberTests.runScenario(io.cucumber.testng.PickleWrapper,io.cucumber.testng.FeatureWrapper)[pri:0, instance:TestRunner.Runner@4671e53b]" name="runScenario" class="io.cucumber.testng.AbstractTestNGCucumberTests"/>
      </group> <!-- cucumber -->
    </groups>
    <test name="Default test" duration-ms="413468" started-at="2022-06-23T16:39:54 IST" finished-at="2022-06-23T16:46:48 IST">
      <class name="TestRunner.Runner">
        <test-method status="PASS" signature="setUpClass(org.testng.ITestContext)[pri:0, instance:TestRunner.Runner@4671e53b]" name="setUpClass" is-config="true" duration-ms="413" started-at="2022-06-23T16:39:54 IST" finished-at="2022-06-23T16:39:55 IST">
          <params>
            <param index="0">
              <value>
                <![CDATA[org.testng.TestRunner@5bc1903]]>
              </value>
            </param>
          </params>
          <reporter-output>
          </reporter-output>
        </test-method> <!-- setUpClass -->
        <test-method status="PASS" signature="runScenario(io.cucumber.testng.PickleWrapper,io.cucumber.testng.FeatureWrapper)[pri:0, instance:TestRunner.Runner@4671e53b]" name="runScenario" duration-ms="55837" started-at="2022-06-23T16:39:55 IST" description="Runs Cucumber Scenarios" data-provider="scenarios" finished-at="2022-06-23T16:40:51 IST">
          <params>
            <param index="0">
              <value>
                <![CDATA["Bill Pay"]]>
              </value>
            </param>
            <param index="1">
              <value>
                <![CDATA["Optional[Bill Pay]"]]>
              </value>
            </param>
          </params>
          <reporter-output>
          </reporter-output>
        </test-method> <!-- runScenario -->
        <test-method status="PASS" signature="runScenario(io.cucumber.testng.PickleWrapper,io.cucumber.testng.FeatureWrapper)[pri:0, instance:TestRunner.Runner@4671e53b]" name="runScenario" duration-ms="16544" started-at="2022-06-23T16:40:51 IST" description="Runs Cucumber Scenarios" data-provider="scenarios" finished-at="2022-06-23T16:41:07 IST">
          <params>
            <param index="0">
              <value>
                <![CDATA["Bill Pay Error Messages Validation"]]>
              </value>
            </param>
            <param index="1">
              <value>
                <![CDATA["Optional[Bill Pay]"]]>
              </value>
            </param>
          </params>
          <reporter-output>
          </reporter-output>
        </test-method> <!-- runScenario -->
        <test-method status="PASS" signature="runScenario(io.cucumber.testng.PickleWrapper,io.cucumber.testng.FeatureWrapper)[pri:0, instance:TestRunner.Runner@4671e53b]" name="runScenario" duration-ms="44594" started-at="2022-06-23T16:41:07 IST" description="Runs Cucumber Scenarios" data-provider="scenarios" finished-at="2022-06-23T16:41:52 IST">
          <params>
            <param index="0">
              <value>
                <![CDATA["Bill Pay - Verify Invalid and Mismatch error message"]]>
              </value>
            </param>
            <param index="1">
              <value>
                <![CDATA["Optional[Bill Pay]"]]>
              </value>
            </param>
          </params>
          <reporter-output>
          </reporter-output>
        </test-method> <!-- runScenario -->
        <test-method status="PASS" signature="runScenario(io.cucumber.testng.PickleWrapper,io.cucumber.testng.FeatureWrapper)[pri:0, instance:TestRunner.Runner@4671e53b]" name="runScenario" duration-ms="41268" started-at="2022-06-23T16:41:52 IST" description="Runs Cucumber Scenarios" data-provider="scenarios" finished-at="2022-06-23T16:42:33 IST">
          <params>
            <param index="0">
              <value>
                <![CDATA["UpdateContact Info"]]>
              </value>
            </param>
            <param index="1">
              <value>
                <![CDATA["Optional[UpdateContact]"]]>
              </value>
            </param>
          </params>
          <reporter-output>
          </reporter-output>
        </test-method> <!-- runScenario -->
        <test-method status="PASS" signature="runScenario(io.cucumber.testng.PickleWrapper,io.cucumber.testng.FeatureWrapper)[pri:0, instance:TestRunner.Runner@4671e53b]" name="runScenario" duration-ms="21806" started-at="2022-06-23T16:42:33 IST" description="Runs Cucumber Scenarios" data-provider="scenarios" finished-at="2022-06-23T16:42:55 IST">
          <params>
            <param index="0">
              <value>
                <![CDATA["UpdateContact Info -Error Msg validation"]]>
              </value>
            </param>
            <param index="1">
              <value>
                <![CDATA["Optional[UpdateContact]"]]>
              </value>
            </param>
          </params>
          <reporter-output>
          </reporter-output>
        </test-method> <!-- runScenario -->
        <test-method status="PASS" signature="runScenario(io.cucumber.testng.PickleWrapper,io.cucumber.testng.FeatureWrapper)[pri:0, instance:TestRunner.Runner@4671e53b]" name="runScenario" duration-ms="12312" started-at="2022-06-23T16:42:55 IST" description="Runs Cucumber Scenarios" data-provider="scenarios" finished-at="2022-06-23T16:43:07 IST">
          <params>
            <param index="0">
              <value>
                <![CDATA["Successful Login with data tables"]]>
              </value>
            </param>
            <param index="1">
              <value>
                <![CDATA["Optional[Login data]"]]>
              </value>
            </param>
          </params>
          <reporter-output>
          </reporter-output>
        </test-method> <!-- runScenario -->
        <test-method status="PASS" signature="runScenario(io.cucumber.testng.PickleWrapper,io.cucumber.testng.FeatureWrapper)[pri:0, instance:TestRunner.Runner@4671e53b]" name="runScenario" duration-ms="13157" started-at="2022-06-23T16:43:07 IST" description="Runs Cucumber Scenarios" data-provider="scenarios" finished-at="2022-06-23T16:43:20 IST">
          <params>
            <param index="0">
              <value>
                <![CDATA["Successful Login with Valid Credentials"]]>
              </value>
            </param>
            <param index="1">
              <value>
                <![CDATA["Optional[Login]"]]>
              </value>
            </param>
          </params>
          <reporter-output>
          </reporter-output>
        </test-method> <!-- runScenario -->
        <test-method status="PASS" signature="runScenario(io.cucumber.testng.PickleWrapper,io.cucumber.testng.FeatureWrapper)[pri:0, instance:TestRunner.Runner@4671e53b]" name="runScenario" duration-ms="61109" started-at="2022-06-23T16:43:20 IST" description="Runs Cucumber Scenarios" data-provider="scenarios" finished-at="2022-06-23T16:44:22 IST">
          <params>
            <param index="0">
              <value>
                <![CDATA["Open a New Account"]]>
              </value>
            </param>
            <param index="1">
              <value>
                <![CDATA["Optional[Openning  New Account]"]]>
              </value>
            </param>
          </params>
          <reporter-output>
          </reporter-output>
        </test-method> <!-- runScenario -->
        <test-method status="PASS" signature="runScenario(io.cucumber.testng.PickleWrapper,io.cucumber.testng.FeatureWrapper)[pri:0, instance:TestRunner.Runner@4671e53b]" name="runScenario" duration-ms="63730" started-at="2022-06-23T16:44:22 IST" description="Runs Cucumber Scenarios" data-provider="scenarios" finished-at="2022-06-23T16:45:25 IST">
          <params>
            <param index="0">
              <value>
                <![CDATA["Open a New Account"]]>
              </value>
            </param>
            <param index="1">
              <value>
                <![CDATA["Optional[Openning  New Account]"]]>
              </value>
            </param>
          </params>
          <reporter-output>
          </reporter-output>
        </test-method> <!-- runScenario -->
        <test-method status="FAIL" signature="runScenario(io.cucumber.testng.PickleWrapper,io.cucumber.testng.FeatureWrapper)[pri:0, instance:TestRunner.Runner@4671e53b]" name="runScenario" duration-ms="82261" started-at="2022-06-23T16:45:25 IST" description="Runs Cucumber Scenarios" data-provider="scenarios" finished-at="2022-06-23T16:46:48 IST">
          <params>
            <param index="0">
              <value>
                <![CDATA["Transfer Fund from one account to another"]]>
              </value>
            </param>
            <param index="1">
              <value>
                <![CDATA["Optional[Transfer Fund]"]]>
              </value>
            </param>
          </params>
          <exception class="java.lang.AssertionError">
            <message>
              <![CDATA[expected [13344] but found [18561]]]>
            </message>
            <full-stacktrace>
              <![CDATA[java.lang.AssertionError: expected [13344] but found [18561]
at org.testng.Assert.fail(Assert.java:99)
at org.testng.Assert.failNotEquals(Assert.java:1037)
at org.testng.Assert.assertEqualsImpl(Assert.java:140)
at org.testng.Assert.assertEquals(Assert.java:122)
at org.testng.Assert.assertEquals(Assert.java:629)
at org.testng.Assert.assertEquals(Assert.java:639)
at PageObjects.TransferFund.verifyTransferFromAccountId(TransferFund.java:102)
at StepDefinitions.StepTransferFund.verify_from_account_should_be_and_to_account_should_be(StepTransferFund.java:60)
at âœ½.Verify From account should be "13344" and To account should be "13344"(file:///C:/Users/703323585/Narmada/Narmada_AutomationProject_May17/Narmada_MiniProject/MavenProjectSample/src/test/resources/Feature/TransferFund.feature:17)
]]>
            </full-stacktrace>
          </exception> <!-- java.lang.AssertionError -->
          <reporter-output>
          </reporter-output>
        </test-method> <!-- runScenario -->
        <test-method status="PASS" signature="tearDownClass()[pri:0, instance:TestRunner.Runner@4671e53b]" name="tearDownClass" is-config="true" duration-ms="388" started-at="2022-06-23T16:46:48 IST" finished-at="2022-06-23T16:46:48 IST">
          <reporter-output>
          </reporter-output>
        </test-method> <!-- tearDownClass -->
      </class> <!-- TestRunner.Runner -->
    </test> <!-- Default test -->
  </suite> <!-- Default suite -->
</testng-results>
