<?xml version="1.0" encoding="UTF-8"?>
<testng-results skipped="0" failed="0" ignored="0" total="1" passed="1">
  <reporter-output>
  </reporter-output>
  <suite name="Default suite" duration-ms="45724" started-at="2022-07-18T18:29:28 IST" finished-at="2022-07-18T18:30:14 IST">
    <groups>
      <group name="cucumber">
        <method signature="AbstractTestNGCucumberTests.runScenario(io.cucumber.testng.PickleWrapper,io.cucumber.testng.FeatureWrapper)[pri:0, instance:TestRunner.Runner@4cf4d528]" name="runScenario" class="io.cucumber.testng.AbstractTestNGCucumberTests"/>
      </group> <!-- cucumber -->
    </groups>
    <test name="Default test" duration-ms="45724" started-at="2022-07-18T18:29:28 IST" finished-at="2022-07-18T18:30:14 IST">
      <class name="TestRunner.Runner">
        <test-method status="PASS" signature="setUpClass(org.testng.ITestContext)[pri:0, instance:TestRunner.Runner@4cf4d528]" name="setUpClass" is-config="true" duration-ms="395" started-at="2022-07-18T18:29:29 IST" finished-at="2022-07-18T18:29:29 IST">
          <params>
            <param index="0">
              <value>
                <![CDATA[org.testng.TestRunner@421def93]]>
              </value>
            </param>
          </params>
          <reporter-output>
          </reporter-output>
        </test-method> <!-- setUpClass -->
        <test-method status="PASS" signature="runScenario(io.cucumber.testng.PickleWrapper,io.cucumber.testng.FeatureWrapper)[pri:0, instance:TestRunner.Runner@4cf4d528]" name="runScenario" duration-ms="44987" started-at="2022-07-18T18:29:29 IST" description="Runs Cucumber Scenarios" data-provider="scenarios" finished-at="2022-07-18T18:30:14 IST">
          <params>
            <param index="0">
              <value>
                <![CDATA["Successful Login with Valid Credentials"]]>
              </value>
            </param>
            <param index="1">
              <value>
                <![CDATA["Optional[Login]"]]>
              </value>
            </param>
          </params>
          <reporter-output>
          </reporter-output>
        </test-method> <!-- runScenario -->
        <test-method status="PASS" signature="tearDownClass()[pri:0, instance:TestRunner.Runner@4cf4d528]" name="tearDownClass" is-config="true" duration-ms="114" started-at="2022-07-18T18:30:14 IST" finished-at="2022-07-18T18:30:14 IST">
          <reporter-output>
          </reporter-output>
        </test-method> <!-- tearDownClass -->
      </class> <!-- TestRunner.Runner -->
    </test> <!-- Default test -->
  </suite> <!-- Default suite -->
</testng-results>
