<?xml version="1.0" encoding="UTF-8"?>
<!-- Generated by org.testng.reporters.JUnitReportReporter -->
<testsuite skipped="0" hostname="IX8J8MHL3" name="TestRunner.Runner" tests="1" failures="0" timestamp="2022-06-23T14:30:55 IST" time="77.329" errors="1">
  <testcase name="runScenario" time="77.329" classname="TestRunner.Runner">
    <error type="java.lang.IndexOutOfBoundsException" message="Index: 1, Size: 1">
      <![CDATA[java.lang.IndexOutOfBoundsException: Index: 1, Size: 1
at java.util.ArrayList.rangeCheck(ArrayList.java:657)
at java.util.ArrayList.get(ArrayList.java:433)
at java.util.Collections$UnmodifiableList.get(Collections.java:1309)
at StepDefinitions.StepDataTableTesting.user_enters_user_name_and_password(StepDataTableTesting.java:30)
at ✽.User enters UserName and Password(file:///C:/Users/703323585/Narmada/Narmada_AutomationProject_May17/Narmada_MiniProject/MavenProjectSample/src/test/resources/Feature/DataTableTesting.feature:6)
]]>
    </error>
  </testcase> <!-- runScenario -->
  <system-out/>
</testsuite> <!-- TestRunner.Runner -->
