<?xml version="1.0" encoding="UTF-8"?>
<!-- Generated by org.testng.reporters.JUnitXMLReporter -->
<testsuite hostname="IX8J8MHL3" ignored="0" name="Test" tests="1" failures="1" timestamp="2022-05-19T16:51:12 IST" time="12.45" errors="0">
  <testcase name="runScenario" time="11.979" classname="io.cucumber.testng.AbstractTestNGCucumberTests">
    <failure type="java.lang.NullPointerException">
      <![CDATA[java.lang.NullPointerException
at org.openqa.selenium.support.pagefactory.DefaultElementLocator.findElement(DefaultElementLocator.java:69)
at org.openqa.selenium.support.pagefactory.internal.LocatingElementHandler.invoke(LocatingElementHandler.java:38)
at com.sun.proxy.$Proxy20.toString(Unknown Source)
at java.lang.String.valueOf(String.java:2994)
at java.lang.StringBuilder.append(StringBuilder.java:131)
at PageObjects.ParaBankAccountOverview.clickLogOut(ParaBankAccountOverview.java:23)
at StepDefinitions.StepLoginPage.user_click_on_log_out_link(StepLoginPage.java:64)
at ✽.User click on log out link(file:///C:/Users/703323585/Narmada_AutomationProject_April17/MavenProjectSample/src/test/resources/Feature/Login.feature:9)
]]>
    </failure>
  </testcase> <!-- runScenario -->
</testsuite> <!-- Test -->
